# Logfile created on 2019-10-21 13:44:20 +0200 by logger.rb/v1.2.7
I, [2019-10-21T13:44:20.327764 #17767]  INFO -- : Running example 'Verifying a pact between PactTestV3 and RandomIntService Given No special state needed request for a random integer with GET /cgi-bin/randomint.cgi returns a response which has status code 200'
I, [2019-10-21T13:44:20.327842 #17767]  INFO -- : Sending GET request to path: "/cgi-bin/randomint.cgi" with headers: {"X_PACT_PROVIDER_STATES"=>[{"name"=>"No special state needed"}]}, see debug logs for body
D, [2019-10-21T13:44:20.327860 #17767] DEBUG -- : body :
I, [2019-10-21T13:44:20.382873 #17767]  INFO -- : Received response with status: 200, headers: {"Date"=>"Mon, 21 Oct 2019 11:40:12 GMT", "Server"=>"Apache/2.2.21 (Unix) PHP/5.4.9 mod_jk/1.2.15", "Content-Length"=>"25", "Content-Type"=>"application/json", "Proxy-Connection"=>"Keep-Alive", "Connection"=>"Keep-Alive"}, see debug logs for body
D, [2019-10-21T13:44:20.382947 #17767] DEBUG -- : body: { "randomint" : 974483 } 
I, [2019-10-21T13:44:27.157029 #17776]  INFO -- : Running example 'Verifying a pact between PactTestV3 and RandomIntService Given No special state needed request for a random integer with GET /cgi-bin/randomint.cgi returns a response which has status code 200'
I, [2019-10-21T13:44:27.157145 #17776]  INFO -- : Sending GET request to path: "/cgi-bin/randomint.cgi" with headers: {"X_PACT_PROVIDER_STATES"=>[{"name"=>"No special state needed"}]}, see debug logs for body
D, [2019-10-21T13:44:27.157166 #17776] DEBUG -- : body :
I, [2019-10-21T13:44:27.220576 #17776]  INFO -- : Received response with status: 200, headers: {"Date"=>"Mon, 21 Oct 2019 11:40:19 GMT", "Server"=>"Apache/2.2.21 (Unix) PHP/5.4.9 mod_jk/1.2.15", "Content-Length"=>"25", "Content-Type"=>"application/json", "Proxy-Connection"=>"Keep-Alive", "Connection"=>"Keep-Alive"}, see debug logs for body
D, [2019-10-21T13:44:27.220649 #17776] DEBUG -- : body: { "randomint" : 993240 } 
I, [2019-10-21T13:44:39.046848 #17782]  INFO -- : Running example 'Verifying a pact between PactTestV2 and RandomIntService Given No special state needed request for a random integer with GET /cgi-bin/randomint.cgi returns a response which has status code 200'
I, [2019-10-21T13:44:39.046939 #17782]  INFO -- : Sending GET request to path: "/cgi-bin/randomint.cgi" with headers: {"X_PACT_PROVIDER_STATES"=>[{"name"=>"No special state needed"}]}, see debug logs for body
D, [2019-10-21T13:44:39.046958 #17782] DEBUG -- : body :
I, [2019-10-21T13:44:39.174136 #17782]  INFO -- : Received response with status: 404, headers: {"Cache-Control"=>"private", "Content-Type"=>"text/html; charset=utf-8", "Server"=>"Microsoft-IIS/8.5", "X-Aspnet-Version"=>"4.0.30319", "X-Powered-By"=>"ASP.NET", "X-Ua-Compatible"=>"IE=edge", "Date"=>"Mon, 21 Oct 2019 11:44:38 GMT", "Content-Length"=>"3289", "Proxy-Connection"=>"Keep-Alive", "Connection"=>"Keep-Alive"}, see debug logs for body
D, [2019-10-21T13:44:39.174338 #17782] DEBUG -- : body: <!DOCTYPE html>
<html>
    <head>
        <title>The resource cannot be found.</title>
        <meta name="viewport" content="width=device-width" />
        <style>
         body {font-family:"Verdana";font-weight:normal;font-size: .7em;color:black;} 
         p {font-family:"Verdana";font-weight:normal;color:black;margin-top: -5px}
         b {font-family:"Verdana";font-weight:bold;color:black;margin-top: -5px}
         H1 { font-family:"Verdana";font-weight:normal;font-size:18pt;color:red }
         H2 { font-family:"Verdana";font-weight:normal;font-size:14pt;color:maroon }
         pre {font-family:"Consolas","Lucida Console",Monospace;font-size:11pt;margin:0;padding:0.5em;line-height:14pt}
         .marker {font-weight: bold; color: black;text-decoration: none;}
         .version {color: gray;}
         .error {margin-bottom: 10px;}
         .expandable { text-decoration:underline; font-weight:bold; color:navy; cursor:hand; }
         @media screen and (max-width: 639px) {
          pre { width: 440px; overflow: auto; white-space: pre-wrap; word-wrap: break-word; }
         }
         @media screen and (max-width: 479px) {
          pre { width: 280px; }
         }
        </style>
    </head>

    <body bgcolor="white">

            <span><H1>Server Error in '/' Application.<hr width=100% size=1 color=silver></H1>

            <h2> <i>The resource cannot be found.</i> </h2></span>

            <font face="Arial, Helvetica, Geneva, SunSans-Regular, sans-serif ">

            <b> Description: </b>HTTP 404. The resource you are looking for (or one of its dependencies) could have been removed, had its name changed, or is temporarily unavailable. &nbsp;Please review the following URL and make sure that it is spelled correctly.
            <br><br>

            <b> Requested URL: </b>/cgi-bin/randomint.cgi<br><br>

            <hr width=100% size=1 color=silver>

            <b>Version Information:</b>&nbsp;Microsoft .NET Framework Version:4.0.30319; ASP.NET Version:4.7.3429.0

            </font>

    </body>
</html>
<!-- 
[HttpException]: The controller for path &#39;/cgi-bin/randomint.cgi&#39; was not found or does not implement IController.
   at System.Web.Mvc.DefaultControllerFactory.GetControllerInstance(RequestContext requestContext, Type controllerType)
   at System.Web.Mvc.DefaultControllerFactory.CreateController(RequestContext requestContext, String controllerName)
   at System.Web.Mvc.MvcHandler.ProcessRequestInit(HttpContextBase httpContext, IController& controller, IControllerFactory& factory)
   at System.Web.Mvc.MvcHandler.BeginProcessRequest(HttpContextBase httpContext, AsyncCallback callback, Object state)
   at System.Web.HttpApplication.CallHandlerExecutionStep.System.Web.HttpApplication.IExecutionStep.Execute()
   at System.Web.HttpApplication.ExecuteStepImpl(IExecutionStep step)
   at System.Web.HttpApplication.ExecuteStep(IExecutionStep step, Boolean& completedSynchronously)
--><!-- 
This error page might contain sensitive information because ASP.NET is configured to show verbose error messages using &lt;customErrors mode="Off"/&gt;. Consider using &lt;customErrors mode="On"/&gt; or &lt;customErrors mode="RemoteOnly"/&gt; in production environments.-->
I, [2019-10-21T13:45:31.166477 #17811]  INFO -- : Running example 'Verifying a pact between PactTestV2 and RandomIntService Given No special state needed request for a random integer with GET /cgi-bin/randomint.cgi returns a response which has status code 200'
I, [2019-10-21T13:45:31.166562 #17811]  INFO -- : Sending GET request to path: "/cgi-bin/randomint.cgi" with headers: {"X_PACT_PROVIDER_STATES"=>[{"name"=>"No special state needed"}]}, see debug logs for body
D, [2019-10-21T13:45:31.166583 #17811] DEBUG -- : body :
I, [2019-10-21T13:45:31.220336 #17811]  INFO -- : Received response with status: 200, headers: {"Date"=>"Mon, 21 Oct 2019 11:41:23 GMT", "Server"=>"Apache/2.2.21 (Unix) PHP/5.4.9 mod_jk/1.2.15", "Content-Length"=>"25", "Content-Type"=>"application/json", "Proxy-Connection"=>"Keep-Alive", "Connection"=>"Keep-Alive"}, see debug logs for body
D, [2019-10-21T13:45:31.220410 #17811] DEBUG -- : body: { "randomint" : 249264 } 
I, [2019-10-21T13:45:33.893657 #17816]  INFO -- : Running example 'Verifying a pact between PactTestV2 and RandomIntService Given No special state needed request for a random integer with GET /cgi-bin/randomint.cgi returns a response which has status code 200'
I, [2019-10-21T13:45:33.893747 #17816]  INFO -- : Sending GET request to path: "/cgi-bin/randomint.cgi" with headers: {"X_PACT_PROVIDER_STATES"=>[{"name"=>"No special state needed"}]}, see debug logs for body
D, [2019-10-21T13:45:33.893769 #17816] DEBUG -- : body :
I, [2019-10-21T13:45:33.950002 #17816]  INFO -- : Received response with status: 200, headers: {"Date"=>"Mon, 21 Oct 2019 11:41:26 GMT", "Server"=>"Apache/2.2.21 (Unix) PHP/5.4.9 mod_jk/1.2.15", "Content-Length"=>"24", "Content-Type"=>"application/json", "Proxy-Connection"=>"Keep-Alive", "Connection"=>"Keep-Alive"}, see debug logs for body
D, [2019-10-21T13:45:33.950067 #17816] DEBUG -- : body: { "randomint" : 99977 } 
